# Bad spawns : 3/1/2020 7:37:51 PM
# Format: X Y Z F Name

2234	1171	0	Felucca	halloweenskeleton
1011	513	-70	Malas	mobilerewardvendor/Direction/East/Frozen/True
2230	1223	0	Felucca	halloweenskeleton
2227	1198	0	Felucca	ghostphysical
2283	1226	20	Felucca	thevampire
5132	2264	0	Felucca	mobilerewardvendor
2256	1231	0	Felucca	halloweenzombie
5132	2260	0	Felucca	mobilerewardvendor
1011	512	-70	Malas	mobilerewardvendor/Direction/East/Frozen/True
292	159	-1	Malas	lostsoul
2236	1200	0	Felucca	thereaper
2211	1114	20	Felucca	thewitch
2223	1120	12	Felucca	halloweenwitch
2234	1198	0	Felucca	ghostmagical
1011	507	-70	Malas	mobilerewardvendor
2221	1136	0	Felucca	feralhuman
5132	2262	0	Felucca	MobileRewardVendor
986	509	-50	Malas	sandrahallowquest
1000	523	-50	Malas	brendahallowquest
2225	1151	0	Felucca	halloweenscarecrow


# Bad spawns : 3/1/2020 8:23:14 PM
# Format: X Y Z F Name

2234	1171	0	Felucca	halloweenskeleton
1011	513	-70	Malas	mobilerewardvendor/Direction/East/Frozen/True
2230	1223	0	Felucca	halloweenskeleton
2227	1198	0	Felucca	ghostphysical
2283	1226	20	Felucca	thevampire
5132	2264	0	Felucca	mobilerewardvendor
2256	1231	0	Felucca	halloweenzombie
5132	2260	0	Felucca	mobilerewardvendor
1011	512	-70	Malas	mobilerewardvendor/Direction/East/Frozen/True
292	159	-1	Malas	lostsoul
2236	1200	0	Felucca	thereaper
2211	1114	20	Felucca	thewitch
2223	1120	12	Felucca	halloweenwitch
2234	1198	0	Felucca	ghostmagical
1011	507	-70	Malas	mobilerewardvendor
2221	1136	0	Felucca	feralhuman
5132	2262	0	Felucca	MobileRewardVendor
986	509	-50	Malas	sandrahallowquest
1000	523	-50	Malas	brendahallowquest
2225	1151	0	Felucca	halloweenscarecrow


# Bad spawns : 3/8/2020 5:51:49 PM
# Format: X Y Z F Name

2221	1136	0	Felucca	feralhuman
1011	507	-70	Malas	mobilerewardvendor
2223	1120	12	Felucca	halloweenwitch
2211	1114	20	Felucca	thewitch
2236	1200	0	Felucca	thereaper
2256	1231	0	Felucca	halloweenzombie
1011	513	-70	Malas	mobilerewardvendor/Direction/East/Frozen/True
2234	1171	0	Felucca	halloweenskeleton
2283	1226	20	Felucca	thevampire
5132	2260	0	Felucca	mobilerewardvendor
2230	1223	0	Felucca	halloweenskeleton
2225	1151	0	Felucca	halloweenscarecrow
986	509	-50	Malas	sandrahallowquest
1000	523	-50	Malas	brendahallowquest
2234	1198	0	Felucca	ghostmagical
5132	2264	0	Felucca	mobilerewardvendor
292	159	-1	Malas	lostsoul
1011	512	-70	Malas	mobilerewardvendor/Direction/East/Frozen/True
5132	2262	0	Felucca	MobileRewardVendor
2227	1198	0	Felucca	ghostphysical


